==> Checking out commit 92a663301dd98e46a2f2c5519bd136a8607dfadb in branch main
==> Requesting Node.js version >=18.0.0
==> Using Node.js version 24.8.0 via /opt/render/project/src/package.json
==> Docs on specifying a Node.js version: https://render.com/docs/node-version
==> Running build command 'npm install; npm run build'...
> modern-interactive-website@1.0.0 postinstall
> npm run build:server
> modern-interactive-website@1.0.0 build:server
> npm run build --workspace=server
> web-website-server@1.0.0 prebuild
> npm run clean
> web-website-server@1.0.0 clean
> rimraf dist
> web-website-server@1.0.0 build
> tsc
> modern-interactive-website@1.0.0 prepare
> npm run build:server
> modern-interactive-website@1.0.0 build:server
> npm run build --workspace=server
> web-website-server@1.0.0 prebuild
> npm run clean
> web-website-server@1.0.0 clean
> rimraf dist
> web-website-server@1.0.0 build
> tsc
added 524 packages, and audited 527 packages in 15s
69 packages are looking for funding
  run `npm fund` for details
found 0 vulnerabilities
> modern-interactive-website@1.0.0 build
> npm run build --workspaces --if-present
> modern-website-client@1.0.0 build
> tsc --noEmit && vite build
src/components/ClientsAcrossIndustriesSection.tsx(18,26): error TS2307: Cannot find module 'attached_assets/Screenshot 2025-09-08 030722_1758575378245.png' or its corresponding type declarations.
src/components/CreativeSolutionsSection.tsx(19,26): error TS2307: Cannot find module 'figma:asset/1787cc73d341b691f9f5f240d514e80ec93f243c.png' or its corresponding type declarations.
src/components/EnhancedHeroSection.tsx(16,26): error TS2307: Cannot find module 'figma:asset/92f6adf529a2baec5efe16194b4955f985619e7a.png' or its corresponding type declarations.
src/components/FloatingNav.tsx(14,35): error TS2307: Cannot find module './QuickActionButton' or its corresponding type declarations.
src/components/FloatingNav.tsx(15,34): error TS2307: Cannot find module './PortfolioTooltip' or its corresponding type declarations.
src/components/Navigation.tsx(42,15): error TS2345: Argument of type 'User | null' is not assignable to parameter of type 'SetStateAction<null>'.
  Type 'User' is not assignable to type 'SetStateAction<null>'.
    Type 'User' provides no match for the signature '(prevState: null): null'.
src/components/Navigation.tsx(49,17): error TS2345: Argument of type 'User | null' is not assignable to parameter of type 'SetStateAction<null>'.
  Type 'User' is not assignable to type 'SetStateAction<null>'.
    Type 'User' provides no match for the signature '(prevState: null): null'.
src/components/Navigation.tsx(420,31): error TS2339: Property 'name' does not exist on type 'never'.
src/components/Navigation.tsx(443,39): error TS2339: Property 'name' does not exist on type 'never'.
src/components/Navigation.tsx(447,85): error TS2339: Property 'name' does not exist on type 'never'.
src/components/Navigation.tsx(448,83): error TS2339: Property 'email' does not exist on type 'never'.
src/components/Navigation.tsx(526,29): error TS2339: Property 'name' does not exist on type 'never'.
src/components/Navigation.tsx(529,59): error TS2339: Property 'name' does not exist on type 'never'.
src/components/Navigation.tsx(550,37): error TS2339: Property 'name' does not exist on type 'never'.
src/components/Navigation.tsx(554,75): error TS2339: Property 'name' does not exist on type 'never'.
src/components/Navigation.tsx(555,72): error TS2339: Property 'email' does not exist on type 'never'.
src/components/PortfolioSection.tsx(145,36): error TS7006: Parameter 'tech' implicitly has an 'any' type.
src/components/PortfolioSection.tsx(435,43): error TS7006: Parameter 'e' implicitly has an 'any' type.
src/components/PortfolioSection.tsx(448,43): error TS7006: Parameter 'e' implicitly has an 'any' type.
src/components/PortfolioSection.tsx(494,30): error TS7006: Parameter 'result' implicitly has an 'any' type.
src/components/PortfolioSection.tsx(494,38): error TS7006: Parameter 'resultIndex' implicitly has an 'any' type.
src/components/PortfolioSection.tsx(520,35): error TS7006: Parameter 'tech' implicitly has an 'any' type.
src/components/PortfolioSection.tsx(660,30): error TS7006: Parameter 'tech' implicitly has an 'any' type.
src/components/PortfolioSection.tsx(700,30): error TS7006: Parameter 'result' implicitly has an 'any' type.
src/components/PortfolioSection.tsx(700,38): error TS7006: Parameter 'resultIndex' implicitly has an 'any' type.
src/components/SEOHead.tsx(87,16): error TS2339: Property 'type' does not exist on type 'Element'.
src/components/TestimonialMarquee.tsx(151,40): error TS2339: Property 'metrics' does not exist on type 'Testimonial'.
src/components/TestimonialMarquee.tsx(162,40): error TS2339: Property 'metrics' does not exist on type 'Testimonial'.
src/components/TestimonialMarquee.tsx(172,40): error TS2339: Property 'metrics' does not exist on type 'Testimonial'.
src/components/animations/MicroInteractions.tsx(35,40): error TS7006: Parameter 'e' implicitly has an 'any' type.
src/components/animations/MicroInteractions.tsx(59,3): error TS7031: Binding element 'children' implicitly has an 'any' type.
src/components/animations/MicroInteractions.tsx(116,33): error TS7031: Binding element 'children' implicitly has an 'any' type.
src/components/animations/MicroInteractions.tsx(132,32): error TS7031: Binding element 'children' implicitly has an 'any' type.
src/components/animations/MicroInteractions.tsx(147,30): error TS7031: Binding element 'text' implicitly has an 'any' type.
src/components/animations/MicroInteractions.tsx(177,35): error TS7031: Binding element 'children' implicitly has an 'any' type.
src/components/animations/MicroInteractions.tsx(197,3): error TS7031: Binding element 'children' implicitly has an 'any' type.
src/components/animations/MicroInteractions.tsx(222,3): error TS7031: Binding element 'children' implicitly has an 'any' type.
src/components/animations/MicroInteractions.tsx(229,25): error TS7006: Parameter 'e' implicitly has an 'any' type.
src/components/animations/MicroInteractions.tsx(280,3): error TS7031: Binding element 'children' implicitly has an 'any' type.
src/components/animations/MicroInteractions.tsx(286,28): error TS7006: Parameter 'e' implicitly has an 'any' type.
src/components/animations/SmoothAnimations.tsx(10,5): error TS2353: Object literal may only specify known properties, and 'threshold' does not exist in type 'UseInViewOptions'.
src/components/animations/SmoothAnimations.tsx(25,32): error TS7031: Binding element 'children' implicitly has an 'any' type.
src/components/animations/SmoothAnimations.tsx(53,36): error TS7031: Binding element 'children' implicitly has an 'any' type.
src/components/animations/SmoothAnimations.tsx(73,31): error TS7031: Binding element 'children' implicitly has an 'any' type.
src/components/animations/SmoothAnimations.tsx(104,35): error TS7031: Binding element 'children' implicitly has an 'any' type.
src/components/animations/SmoothAnimations.tsx(149,33): error TS7031: Binding element 'children' implicitly has an 'any' type.
src/components/animations/SmoothAnimations.tsx(149,43): error TS7031: Binding element 'onClick' implicitly has an 'any' type.
src/components/animations/SmoothAnimations.tsx(160,110): error TS7053: Element implicitly has an 'any' type because expression of type 'string' can't be used to index type '{ primary: string; secondary: string; ghost: string; }'.
  No index signature with a parameter of type 'string' was found on type '{ primary: string; secondary: string; ghost: string; }'.
src/components/animations/SmoothAnimations.tsx(192,34): error TS7006: Parameter 'e' implicitly has an 'any' type.
src/components/animations/SmoothAnimations.tsx(236,30): error TS7031: Binding element 'children' implicitly has an 'any' type.
src/components/animations/usePerformantAnimation.tsx(20,43): error TS7006: Parameter 'entries' implicitly has an 'any' type.
src/components/animations/usePerformantAnimation.tsx(96,42): error TS7019: Rest parameter 'args' implicitly has an 'any[]' type.
src/components/ui/accordion.tsx(4,37): error TS2307: Cannot find module '@radix-ui/react-accordion@1.2.3' or its corresponding type declarations.
src/components/ui/accordion.tsx(5,33): error TS2307: Cannot find module 'lucide-react@0.487.0' or its corresponding type declarations.
src/components/ui/alert-dialog.tsx(4,39): error TS2307: Cannot find module '@radix-ui/react-alert-dialog@1.1.6' or its corresponding type declarations.
src/components/ui/alert.tsx(2,40): error TS2307: Cannot find module 'class-variance-authority@0.7.1' or its corresponding type declarations.
src/components/ui/aspect-ratio.tsx(3,39): error TS2307: Cannot find module '@radix-ui/react-aspect-ratio@1.1.2' or its corresponding type declarations.
src/components/ui/avatar.tsx(4,34): error TS2307: Cannot find module '@radix-ui/react-avatar@1.1.3' or its corresponding type declarations.
src/components/ui/badge.tsx(2,22): error TS2307: Cannot find module '@radix-ui/react-slot@1.1.2' or its corresponding type declarations.
src/components/ui/badge.tsx(3,40): error TS2307: Cannot find module 'class-variance-authority@0.7.1' or its corresponding type declarations.
src/components/ui/breadcrumb.tsx(2,22): error TS2307: Cannot find module '@radix-ui/react-slot@1.1.2' or its corresponding type declarations.
src/components/ui/breadcrumb.tsx(3,46): error TS2307: Cannot find module 'lucide-react@0.487.0' or its corresponding type declarations.
src/components/ui/button.tsx(2,22): error TS2307: Cannot find module '@radix-ui/react-slot@1.1.2' or its corresponding type declarations.
src/components/ui/button.tsx(3,40): error TS2307: Cannot find module 'class-variance-authority@0.7.1' or its corresponding type declarations.
src/components/ui/calendar.tsx(4,43): error TS2307: Cannot find module 'lucide-react@0.487.0' or its corresponding type declarations.
src/components/ui/calendar.tsx(5,27): error TS2307: Cannot find module 'react-day-picker@8.10.1' or its corresponding type declarations.
src/components/ui/calendar.tsx(63,22): error TS7031: Binding element 'className' implicitly has an 'any' type.
src/components/ui/calendar.tsx(66,23): error TS7031: Binding element 'className' implicitly has an 'any' type.
src/components/ui/carousel.tsx(6,8): error TS2307: Cannot find module 'embla-carousel-react@8.6.0' or its corresponding type declarations.
src/components/ui/carousel.tsx(7,39): error TS2307: Cannot find module 'lucide-react@0.487.0' or its corresponding type declarations.
src/components/ui/chart.tsx(4,36): error TS2307: Cannot find module 'recharts@2.15.2' or its corresponding type declarations.
src/components/ui/chart.tsx(182,23): error TS7006: Parameter 'item' implicitly has an 'any' type.
src/components/ui/chart.tsx(182,29): error TS7006: Parameter 'index' implicitly has an 'any' type.
src/components/ui/chart.tsx(278,21): error TS7006: Parameter 'item' implicitly has an 'any' type.
src/components/ui/checkbox.tsx(4,36): error TS2307: Cannot find module '@radix-ui/react-checkbox@1.1.4' or its corresponding type declarations.
src/components/ui/checkbox.tsx(5,27): error TS2307: Cannot find module 'lucide-react@0.487.0' or its corresponding type declarations.
src/components/ui/collapsible.tsx(3,39): error TS2307: Cannot find module '@radix-ui/react-collapsible@1.1.3' or its corresponding type declarations.
src/components/ui/command.tsx(4,45): error TS2307: Cannot find module 'cmdk@1.1.1' or its corresponding type declarations.
src/components/ui/command.tsx(5,28): error TS2307: Cannot find module 'lucide-react@0.487.0' or its corresponding type declarations.
src/components/ui/context-menu.tsx(4,39): error TS2307: Cannot find module '@radix-ui/react-context-menu@2.2.6' or its corresponding type declarations.
src/components/ui/context-menu.tsx(5,57): error TS2307: Cannot find module 'lucide-react@0.487.0' or its corresponding type declarations.
src/components/ui/dialog.tsx(4,34): error TS2307: Cannot find module '@radix-ui/react-dialog@1.1.6' or its corresponding type declarations.
src/components/ui/dialog.tsx(5,23): error TS2307: Cannot find module 'lucide-react@0.487.0' or its corresponding type declarations.
src/components/ui/drawer.tsx(4,43): error TS2307: Cannot find module 'vaul@1.1.2' or its corresponding type declarations.
src/components/ui/dropdown-menu.tsx(4,40): error TS2307: Cannot find module '@radix-ui/react-dropdown-menu@2.1.6' or its corresponding type declarations.
src/components/ui/dropdown-menu.tsx(5,57): error TS2307: Cannot find module 'lucide-react@0.487.0' or its corresponding type declarations.
src/components/ui/form.tsx(4,33): error TS2307: Cannot find module '@radix-ui/react-label@2.1.2' or its corresponding type declarations.
src/components/ui/form.tsx(5,22): error TS2307: Cannot find module '@radix-ui/react-slot@1.1.2' or its corresponding type declarations.
src/components/ui/form.tsx(14,8): error TS2307: Cannot find module 'react-hook-form@7.55.0' or its corresponding type declarations.
src/components/ui/hover-card.tsx(4,37): error TS2307: Cannot find module '@radix-ui/react-hover-card@1.1.6' or its corresponding type declarations.
src/components/ui/input-otp.tsx(4,43): error TS2307: Cannot find module 'input-otp@1.4.2' or its corresponding type declarations.
src/components/ui/input-otp.tsx(5,27): error TS2307: Cannot find module 'lucide-react@0.487.0' or its corresponding type declarations.
src/components/ui/input-otp.tsx(47,61): error TS2339: Property 'slots' does not exist on type '{}'.
src/components/ui/label.tsx(4,33): error TS2307: Cannot find module '@radix-ui/react-label@2.1.2' or its corresponding type declarations.
src/components/ui/menubar.tsx(4,35): error TS2307: Cannot find module '@radix-ui/react-menubar@1.1.6' or its corresponding type declarations.
src/components/ui/menubar.tsx(5,57): error TS2307: Cannot find module 'lucide-react@0.487.0' or its corresponding type declarations.
src/components/ui/navigation-menu.tsx(2,42): error TS2307: Cannot find module '@radix-ui/react-navigation-menu@1.2.5' or its corresponding type declarations.
src/components/ui/navigation-menu.tsx(3,21): error TS2307: Cannot find module 'class-variance-authority@0.7.1' or its corresponding type declarations.
src/components/ui/navigation-menu.tsx(4,33): error TS2307: Cannot find module 'lucide-react@0.487.0' or its corresponding type declarations.
src/components/ui/pagination.tsx(6,8): error TS2307: Cannot find module 'lucide-react@0.487.0' or its corresponding type declarations.
src/components/ui/pagination.tsx(75,7): error TS2783: 'size' is specified more than once, so this usage will be overwritten.
src/components/ui/pagination.tsx(92,7): error TS2783: 'size' is specified more than once, so this usage will be overwritten.
src/components/ui/popover.tsx(4,35): error TS2307: Cannot find module '@radix-ui/react-popover@1.1.6' or its corresponding type declarations.
src/components/ui/progress.tsx(4,36): error TS2307: Cannot find module '@radix-ui/react-progress@1.1.2' or its corresponding type declarations.
src/components/ui/radio-group.tsx(4,38): error TS2307: Cannot find module '@radix-ui/react-radio-group@1.2.3' or its corresponding type declarations.
src/components/ui/radio-group.tsx(5,28): error TS2307: Cannot find module 'lucide-react@0.487.0' or its corresponding type declarations.
src/components/ui/resizable.tsx(4,34): error TS2307: Cannot find module 'lucide-react@0.487.0' or its corresponding type declarations.
src/components/ui/resizable.tsx(5,37): error TS2307: Cannot find module 'react-resizable-panels@2.1.7' or its corresponding type declarations.
src/components/ui/responsive-card.tsx(75,6): error TS2322: Type '{ children: (ReactNode | Element)[]; ref?: LegacyRef<HTMLDivElement> | undefined; key?: Key | null | undefined; defaultChecked?: boolean | undefined; ... 264 more ...; className: string; } | { ...; }' is not assignable to type 'IntrinsicAttributes & ClassAttributes<HTMLDivElement> & HTMLAttributes<HTMLDivElement> & HTMLAttributesWithoutMotionProps<...> & MotionProps & RefAttributes<...>'.
  Type '{ children: (ReactNode | Element)[]; ref?: LegacyRef<HTMLDivElement> | undefined; key?: Key | null | undefined; defaultChecked?: boolean | undefined; ... 264 more ...; className: string; }' is not assignable to type 'MotionProps'.
    Types of property 'onAnimationStart' are incompatible.
      Type 'AnimationEventHandler<HTMLDivElement> | undefined' is not assignable to type '((definition: AnimationDefinition) => void) | undefined'.
        Type 'AnimationEventHandler<HTMLDivElement>' is not assignable to type '(definition: AnimationDefinition) => void'.
          Types of parameters 'event' and 'definition' are incompatible.
            Type 'AnimationDefinition' is not assignable to type 'AnimationEvent<HTMLDivElement>'.
              Type 'string' is not assignable to type 'AnimationEvent<HTMLDivElement>'.
src/components/ui/scroll-area.tsx(4,38): error TS2307: Cannot find module '@radix-ui/react-scroll-area@1.2.3' or its corresponding type declarations.
src/components/ui/select.tsx(4,34): error TS2307: Cannot find module '@radix-ui/react-select@2.1.6' or its corresponding type declarations.
src/components/ui/select.tsx(9,8): error TS2307: Cannot find module 'lucide-react@0.487.0' or its corresponding type declarations.
src/components/ui/separator.tsx(4,37): error TS2307: Cannot find module '@radix-ui/react-separator@1.1.2' or its corresponding type declarations.
src/components/ui/sheet.tsx(4,33): error TS2307: Cannot find module '@radix-ui/react-dialog@1.1.6' or its corresponding type declarations.
src/components/ui/sheet.tsx(5,23): error TS2307: Cannot find module 'lucide-react@0.487.0' or its corresponding type declarations.
src/components/ui/sidebar.tsx(4,22): error TS2307: Cannot find module '@radix-ui/react-slot@1.1.2' or its corresponding type declarations.
src/components/ui/sidebar.tsx(5,35): error TS2307: Cannot find module 'class-variance-authority@0.7.1' or its corresponding type declarations.
src/components/ui/sidebar.tsx(6,31): error TS2307: Cannot find module 'lucide-react@0.487.0' or its corresponding type declarations.
src/components/ui/sidebar.tsx(270,17): error TS7006: Parameter 'event' implicitly has an 'any' type.
src/components/ui/slider.tsx(4,34): error TS2307: Cannot find module '@radix-ui/react-slider@1.2.3' or its corresponding type declarations.
src/components/ui/sonner.tsx(3,26): error TS2307: Cannot find module 'next-themes@0.4.6' or its corresponding type declarations.
src/components/ui/sonner.tsx(4,49): error TS2307: Cannot find module 'sonner@2.0.3' or its corresponding type declarations.
src/components/ui/switch.tsx(4,34): error TS2307: Cannot find module '@radix-ui/react-switch@1.1.3' or its corresponding type declarations.
src/components/ui/tabs.tsx(4,32): error TS2307: Cannot find module '@radix-ui/react-tabs@1.1.3' or its corresponding type declarations.
src/components/ui/toggle-group.tsx(4,39): error TS2307: Cannot find module '@radix-ui/react-toggle-group@1.1.2' or its corresponding type declarations.
src/components/ui/toggle-group.tsx(5,35): error TS2307: Cannot find module 'class-variance-authority@0.7.1' or its corresponding type declarations.
src/components/ui/toggle.tsx(4,34): error TS2307: Cannot find module '@radix-ui/react-toggle@1.1.2' or its corresponding type declarations.
src/components/ui/toggle.tsx(5,40): error TS2307: Cannot find module 'class-variance-authority@0.7.1' or its corresponding type declarations.
src/components/ui/tooltip.tsx(4,35): error TS2307: Cannot find module '@radix-ui/react-tooltip@1.1.8' or its corresponding type declarations.
src/main.tsx(4,19): error TS5097: An import path can only end with a '.tsx' extension when 'allowImportingTsExtensions' is enabled.
src/marketing/index.tsx(19,14): error TS2304: Cannot find name 'WebDevelopmentPopup'.
src/marketing/index.tsx(21,14): error TS2304: Cannot find name 'MobileAppPopup'.
src/marketing/index.tsx(23,14): error TS2304: Cannot find name 'EcommercePopup'.
src/marketing/pages/MobileAppPopup.tsx(4,29): error TS2305: Module '"lucide-react"' has no exported member 'Android'.
src/pages/DashboardPage.tsx(64,9): error TS2353: Object literal may only specify known properties, and 'role' does not exist in type 'SetStateAction<{ id: string; name: string; email: string; company: string; phone: string; avatar: string; joinDate: string; tier: "Premium"; timezone: string; }>'.
src/pages/DashboardPage.tsx(66,26): error TS2339: Property 'avatar' does not exist on type 'User'.
src/pages/DashboardPage.tsx(139,53): error TS2339: Property 'createdAt' does not exist on type '{ id: string; name: string; email: string; company: string; phone: string; avatar: string; joinDate: string; tier: "Premium"; timezone: string; }'.
src/pages/EnhancedHomePage.tsx(104,20): error TS2339: Property 'scrollDirection' does not exist on type '{ scrollY: MotionValue<number>; scrollYProgress: MotionValue<number>; y: MotionValue<number>; opacity: MotionValue<number>; scale: MotionValue<...>; }'.
src/pages/PortfolioPage.tsx(21,28): error TS2322: Type '{ children: Element; intensity: number; }' is not assignable to type 'IntrinsicAttributes & { children: any; className?: string | undefined; amplitude?: number | undefined; duration?: number | undefined; }'.
  Property 'intensity' does not exist on type 'IntrinsicAttributes & { children: any; className?: string | undefined; amplitude?: number | undefined; duration?: number | undefined; }'.
src/pages/PortfolioPage.tsx(26,28): error TS2322: Type '{ children: Element; intensity: number; }' is not assignable to type 'IntrinsicAttributes & { children: any; className?: string | undefined; amplitude?: number | undefined; duration?: number | undefined; }'.
  Property 'intensity' does not exist on type 'IntrinsicAttributes & { children: any; className?: string | undefined; amplitude?: number | undefined; duration?: number | undefined; }'.
src/pages/PortfolioPage.tsx(31,28): error TS2322: Type '{ children: Element; intensity: number; }' is not assignable to type 'IntrinsicAttributes & { children: any; className?: string | undefined; amplitude?: number | undefined; duration?: number | undefined; }'.
  Property 'intensity' does not exist on type 'IntrinsicAttributes & { children: any; className?: string | undefined; amplitude?: number | undefined; duration?: number | undefined; }'.
src/pages/PortfolioPage.tsx(72,49): error TS2322: Type '{ children: Element; staggerDelay: number; initialDelay: number; }' is not assignable to type 'IntrinsicAttributes & StaggerRevealProps'.
  Property 'initialDelay' does not exist on type 'IntrinsicAttributes & StaggerRevealProps'.
src/pages/PortfolioPage.tsx(109,47): error TS2322: Type '{ children: Element[]; staggerDelay: number; initialDelay: number; className: string; }' is not assignable to type 'IntrinsicAttributes & StaggerRevealProps'.
  Property 'initialDelay' does not exist on type 'IntrinsicAttributes & StaggerRevealProps'.
src/utils/performance.ts(66,36): error TS2339: Property 'processingStart' does not exist on type 'PerformanceEntry'.
src/utils/performance.ts(189,3): error TS2322: Type 'LazyExoticComponent<ComponentType<{}>>' is not assignable to type 'LazyExoticComponent<T>'.
  Type 'ComponentType<{}>' is not assignable to type 'T'.
    'ComponentType<{}>' is assignable to the constraint of type 'T', but 'T' could be instantiated with a different subtype of constraint 'ComponentType<any>'.
      Type 'ComponentClass<{}, any>' is not assignable to type 'T'.
        'ComponentClass<{}, any>' is assignable to the constraint of type 'T', but 'T' could be instantiated with a different subtype of constraint 'ComponentType<any>'.
src/utils/performance.ts(189,10): error TS2686: 'React' refers to a UMD global, but the current file is a module. Consider adding an import instead.
src/utils/performance.ts(192,37): error TS2352: Conversion of type '() => React.DetailedReactHTMLElement<{}, HTMLElement>' to type 'T' may be a mistake because neither type sufficiently overlaps with the other. If this was intentional, convert the expression to 'unknown' first.
  '() => React.DetailedReactHTMLElement<{}, HTMLElement>' is assignable to the constraint of type 'T', but 'T' could be instantiated with a different subtype of constraint 'ComponentType<any>'.
src/utils/performance.ts(192,44): error TS2686: 'React' refers to a UMD global, but the current file is a module. Consider adding an import instead.
npm error Lifecycle script `build` failed with error:
npm error code 2
npm error path /opt/render/project/src/client
npm error workspace modern-website-client@1.0.0
npm error location /opt/render/project/src/client
npm error command failed
npm error command sh -c tsc --noEmit && vite build
> web-website-server@1.0.0 prebuild
> npm run clean
> web-website-server@1.0.0 clean
> rimraf dist
> web-website-server@1.0.0 build
> tsc
==> Build failed ðŸ˜ž